16:13:27.9014 CallerMemberName：Monitor.UserApplication.WebSiteApplication-GetSite
Message：未将对象引用设置到对象的实例。
Source：Monitor.UserApplication
StackTrace：   在 Monitor.UserApplication.WebSiteApplication.GetSite(String appId) 位置 E:\Project\SelfCode\CodeShare\Monitor\Monitor.UserApplication\WebSiteApplication.cs:行号 33
   在 Castle.Proxies.Invocations.IWebSiteApplication_GetSite.InvokeMethodOnTarget()
   在 Castle.DynamicProxy.AbstractInvocation.Proceed()
   在 JQ.Intercept.BusinessDealIntercept.Intercept(IInvocation invocation) 位置 E:\Project\SelfCode\CodeShare\Monitor\JQ\Intercept\BusinessDealIntercept.cs:行号 21
RealIP：127.0.0.1
HttpRequestUrl：http://localhost:44786/Authority/Index?backUrl=http://localhost:44786/&AppId=11f244e6539499ae
UserAgent：Mozilla/5.0 (Windows NT 10.0; Win64; x64) AppleWebKit/537.36 (KHTML, like Gecko) Chrome/59.0.3071.115 Safari/537.36

16:16:06.0224 CallerMemberName：Monitor.UserApplication.WebSiteApplication-GetSite
Message：未将对象引用设置到对象的实例。
Source：Monitor.UserApplication
StackTrace：   在 Monitor.UserApplication.WebSiteApplication.GetSite(String appId) 位置 E:\Project\SelfCode\CodeShare\Monitor\Monitor.UserApplication\WebSiteApplication.cs:行号 33
   在 Castle.Proxies.Invocations.IWebSiteApplication_GetSite.InvokeMethodOnTarget()
   在 Castle.DynamicProxy.AbstractInvocation.Proceed()
   在 JQ.Intercept.BusinessDealIntercept.Intercept(IInvocation invocation) 位置 E:\Project\SelfCode\CodeShare\Monitor\JQ\Intercept\BusinessDealIntercept.cs:行号 21
RealIP：127.0.0.1
HttpRequestUrl：http://localhost:44786/Authority/Index?backUrl=http://localhost:44786/&AppId=11f244e6539499ae
UserAgent：Mozilla/5.0 (Windows NT 10.0; Win64; x64) AppleWebKit/537.36 (KHTML, like Gecko) Chrome/59.0.3071.115 Safari/537.36

16:17:07.9808 CallerMemberName：MQLogger-MessageHandle-SendMessag
Message：获取MQLoggerConfig的方法不能为空
Source：JQ.MQ
StackTrace：   在 JQ.MQ.Logger.MessageSendUtil.GetConfig() 位置 E:\Project\SelfCode\CodeShare\Monitor\JQ.MQ\Logger\MessageSendUtil.cs:行号 35
   在 JQ.MQ.Logger.MessageSendUtil.<>c__DisplayClass7_0.<SendMessage>b__0() 位置 E:\Project\SelfCode\CodeShare\Monitor\JQ.MQ\Logger\MessageSendUtil.cs:行号 75
   在 JQ.Utils.ExceptionUtil.LogException(Action action, String memberName, String loggerName, Type loggerType) 位置 E:\Project\SelfCode\CodeShare\Monitor\JQ\Utils\ExceptionUtil.cs:行号 31

16:17:08.0188 CallerMemberName：MQLogger-MessageHandle-SendMessag
Message：获取MQLoggerConfig的方法不能为空
Source：JQ.MQ
StackTrace：   在 JQ.MQ.Logger.MessageSendUtil.GetConfig() 位置 E:\Project\SelfCode\CodeShare\Monitor\JQ.MQ\Logger\MessageSendUtil.cs:行号 35
   在 JQ.MQ.Logger.MessageSendUtil.<>c__DisplayClass7_0.<SendMessage>b__0() 位置 E:\Project\SelfCode\CodeShare\Monitor\JQ.MQ\Logger\MessageSendUtil.cs:行号 75
   在 JQ.Utils.ExceptionUtil.LogException(Action action, String memberName, String loggerName, Type loggerType) 位置 E:\Project\SelfCode\CodeShare\Monitor\JQ\Utils\ExceptionUtil.cs:行号 31

16:17:08.0479 CallerMemberName：MQLogger-MessageHandle-SendMessag
Message：获取MQLoggerConfig的方法不能为空
Source：JQ.MQ
StackTrace：   在 JQ.MQ.Logger.MessageSendUtil.GetConfig() 位置 E:\Project\SelfCode\CodeShare\Monitor\JQ.MQ\Logger\MessageSendUtil.cs:行号 35
   在 JQ.MQ.Logger.MessageSendUtil.<>c__DisplayClass7_0.<SendMessage>b__0() 位置 E:\Project\SelfCode\CodeShare\Monitor\JQ.MQ\Logger\MessageSendUtil.cs:行号 75
   在 JQ.Utils.ExceptionUtil.LogException(Action action, String memberName, String loggerName, Type loggerType) 位置 E:\Project\SelfCode\CodeShare\Monitor\JQ\Utils\ExceptionUtil.cs:行号 31

16:17:08.0764 CallerMemberName：MQLogger-MessageHandle-SendMessag
Message：获取MQLoggerConfig的方法不能为空
Source：JQ.MQ
StackTrace：   在 JQ.MQ.Logger.MessageSendUtil.GetConfig() 位置 E:\Project\SelfCode\CodeShare\Monitor\JQ.MQ\Logger\MessageSendUtil.cs:行号 35
   在 JQ.MQ.Logger.MessageSendUtil.<>c__DisplayClass7_0.<SendMessage>b__0() 位置 E:\Project\SelfCode\CodeShare\Monitor\JQ.MQ\Logger\MessageSendUtil.cs:行号 75
   在 JQ.Utils.ExceptionUtil.LogException(Action action, String memberName, String loggerName, Type loggerType) 位置 E:\Project\SelfCode\CodeShare\Monitor\JQ\Utils\ExceptionUtil.cs:行号 31

16:17:08.1074 CallerMemberName：MQLogger-MessageHandle-SendMessag
Message：获取MQLoggerConfig的方法不能为空
Source：JQ.MQ
StackTrace：   在 JQ.MQ.Logger.MessageSendUtil.GetConfig() 位置 E:\Project\SelfCode\CodeShare\Monitor\JQ.MQ\Logger\MessageSendUtil.cs:行号 35
   在 JQ.MQ.Logger.MessageSendUtil.<>c__DisplayClass7_0.<SendMessage>b__0() 位置 E:\Project\SelfCode\CodeShare\Monitor\JQ.MQ\Logger\MessageSendUtil.cs:行号 75
   在 JQ.Utils.ExceptionUtil.LogException(Action action, String memberName, String loggerName, Type loggerType) 位置 E:\Project\SelfCode\CodeShare\Monitor\JQ\Utils\ExceptionUtil.cs:行号 31

16:17:42.8508 CallerMemberName：Monitor.UserApplication.WebSiteApplication-GetSite
Message：没有为类型“Monitor.Domain.Model.WebSiteInfo”定义实例属性“ObjectId”
Source：System.Core
StackTrace：   在 System.Linq.Expressions.Expression.Property(Expression expression, String propertyName)
   在 JQ.Utils.ExpressionUtil.GetPropertyExpression[T](String propertyName) 位置 E:\Project\SelfCode\CodeShare\Monitor\JQ\Utils\ExpressionUtil.cs:行号 25
   在 JQ.MongoDb.Extensions.ProjectionUtil.<>c__DisplayClass1_0`2.<GetProjection>b__0() 位置 E:\Project\SelfCode\CodeShare\Monitor\JQ.MongoDb\Extensions\ProjectionUtil.cs:行号 42
   在 JQ.Extensions.ConcurrentDicExtension.GetValue[TKey,TKey1,TValue](ConcurrentDictionary`2 conDic, TKey key, TKey1 key1, Func`1 action) 位置 E:\Project\SelfCode\CodeShare\Monitor\JQ\Extensions\ConcurrentDicExtension.cs:行号 63
   在 JQ.MongoDb.Extensions.ProjectionUtil.GetProjection[TSource,TTarget]() 位置 E:\Project\SelfCode\CodeShare\Monitor\JQ.MongoDb\Extensions\ProjectionUtil.cs:行号 34
   在 JQ.MongoDb.MongoBaseRepository`1.GetDto[TDto](Expression`1 filter) 位置 E:\Project\SelfCode\CodeShare\Monitor\JQ.MongoDb\MongoBaseRepository.cs:行号 243
   在 Monitor.UserApplication.WebSiteApplication.GetSite(String appId) 位置 E:\Project\SelfCode\CodeShare\Monitor\Monitor.UserApplication\WebSiteApplication.cs:行号 33
   在 Castle.Proxies.Invocations.IWebSiteApplication_GetSite.InvokeMethodOnTarget()
   在 Castle.DynamicProxy.AbstractInvocation.Proceed()
   在 JQ.Intercept.BusinessDealIntercept.Intercept(IInvocation invocation) 位置 E:\Project\SelfCode\CodeShare\Monitor\JQ\Intercept\BusinessDealIntercept.cs:行号 21
RealIP：127.0.0.1
HttpRequestUrl：http://localhost:44786/Authority/Index?backUrl=http://localhost:44786/&AppId=11f244e6539499ae
UserAgent：Mozilla/5.0 (Windows NT 10.0; Win64; x64) AppleWebKit/537.36 (KHTML, like Gecko) Chrome/59.0.3071.115 Safari/537.36

16:22:09.7770 CallerMemberName：MQLogger-MessageHandle-SendMessag
Message：获取MQLoggerConfig的方法不能为空
Source：JQ.MQ
StackTrace：   在 JQ.MQ.Logger.MessageSendUtil.GetConfig() 位置 E:\Project\SelfCode\CodeShare\Monitor\JQ.MQ\Logger\MessageSendUtil.cs:行号 35
   在 JQ.MQ.Logger.MessageSendUtil.<>c__DisplayClass7_0.<SendMessage>b__0() 位置 E:\Project\SelfCode\CodeShare\Monitor\JQ.MQ\Logger\MessageSendUtil.cs:行号 75
   在 JQ.Utils.ExceptionUtil.LogException(Action action, String memberName, String loggerName, Type loggerType) 位置 E:\Project\SelfCode\CodeShare\Monitor\JQ\Utils\ExceptionUtil.cs:行号 31

16:22:09.7971 CallerMemberName：MQLogger-MessageHandle-SendMessag
Message：获取MQLoggerConfig的方法不能为空
Source：JQ.MQ
StackTrace：   在 JQ.MQ.Logger.MessageSendUtil.GetConfig() 位置 E:\Project\SelfCode\CodeShare\Monitor\JQ.MQ\Logger\MessageSendUtil.cs:行号 35
   在 JQ.MQ.Logger.MessageSendUtil.<>c__DisplayClass7_0.<SendMessage>b__0() 位置 E:\Project\SelfCode\CodeShare\Monitor\JQ.MQ\Logger\MessageSendUtil.cs:行号 75
   在 JQ.Utils.ExceptionUtil.LogException(Action action, String memberName, String loggerName, Type loggerType) 位置 E:\Project\SelfCode\CodeShare\Monitor\JQ\Utils\ExceptionUtil.cs:行号 31

16:22:09.8231 CallerMemberName：MQLogger-MessageHandle-SendMessag
Message：获取MQLoggerConfig的方法不能为空
Source：JQ.MQ
StackTrace：   在 JQ.MQ.Logger.MessageSendUtil.GetConfig() 位置 E:\Project\SelfCode\CodeShare\Monitor\JQ.MQ\Logger\MessageSendUtil.cs:行号 35
   在 JQ.MQ.Logger.MessageSendUtil.<>c__DisplayClass7_0.<SendMessage>b__0() 位置 E:\Project\SelfCode\CodeShare\Monitor\JQ.MQ\Logger\MessageSendUtil.cs:行号 75
   在 JQ.Utils.ExceptionUtil.LogException(Action action, String memberName, String loggerName, Type loggerType) 位置 E:\Project\SelfCode\CodeShare\Monitor\JQ\Utils\ExceptionUtil.cs:行号 31

16:22:40.8387 CallerMemberName：Monitor.UserApplication.WebSiteApplication-GetSite
Message：类型为“MongoDB.Bson.ObjectId”的表达式不能用于返回类型“System.Object”
Source：System.Core
StackTrace：   在 System.Linq.Expressions.Expression.ValidateLambdaArgs(Type delegateType, Expression& body, ReadOnlyCollection`1 parameters)
   在 System.Linq.Expressions.Expression.Lambda[TDelegate](Expression body, String name, Boolean tailCall, IEnumerable`1 parameters)
   在 System.Linq.Expressions.Expression.Lambda[TDelegate](Expression body, Boolean tailCall, IEnumerable`1 parameters)
   在 System.Linq.Expressions.Expression.Lambda[TDelegate](Expression body, ParameterExpression[] parameters)
   在 JQ.Utils.ExpressionUtil.GetPropertyExpression[T](String propertyName) 位置 E:\Project\SelfCode\CodeShare\Monitor\JQ\Utils\ExpressionUtil.cs:行号 26
   在 JQ.MongoDb.Extensions.ProjectionUtil.<>c__DisplayClass1_0`2.<GetProjection>b__0() 位置 E:\Project\SelfCode\CodeShare\Monitor\JQ.MongoDb\Extensions\ProjectionUtil.cs:行号 42
   在 JQ.Extensions.ConcurrentDicExtension.GetValue[TKey,TKey1,TValue](ConcurrentDictionary`2 conDic, TKey key, TKey1 key1, Func`1 action) 位置 E:\Project\SelfCode\CodeShare\Monitor\JQ\Extensions\ConcurrentDicExtension.cs:行号 63
   在 JQ.MongoDb.Extensions.ProjectionUtil.GetProjection[TSource,TTarget]() 位置 E:\Project\SelfCode\CodeShare\Monitor\JQ.MongoDb\Extensions\ProjectionUtil.cs:行号 34
   在 JQ.MongoDb.MongoBaseRepository`1.GetDto[TDto](Expression`1 filter) 位置 E:\Project\SelfCode\CodeShare\Monitor\JQ.MongoDb\MongoBaseRepository.cs:行号 243
   在 Monitor.UserApplication.WebSiteApplication.GetSite(String appId) 位置 E:\Project\SelfCode\CodeShare\Monitor\Monitor.UserApplication\WebSiteApplication.cs:行号 33
   在 Castle.Proxies.Invocations.IWebSiteApplication_GetSite.InvokeMethodOnTarget()
   在 Castle.DynamicProxy.AbstractInvocation.Proceed()
   在 JQ.Intercept.BusinessDealIntercept.Intercept(IInvocation invocation) 位置 E:\Project\SelfCode\CodeShare\Monitor\JQ\Intercept\BusinessDealIntercept.cs:行号 21
RealIP：127.0.0.1
HttpRequestUrl：http://localhost:44786/Authority/Index?backUrl=http://localhost:44786/&AppId=11f244e6539499ae
UserAgent：Mozilla/5.0 (Windows NT 10.0; Win64; x64) AppleWebKit/537.36 (KHTML, like Gecko) Chrome/59.0.3071.115 Safari/537.36

16:25:08.3700 CallerMemberName：MQLogger-MessageHandle-SendMessag
Message：获取MQLoggerConfig的方法不能为空
Source：JQ.MQ
StackTrace：   在 JQ.MQ.Logger.MessageSendUtil.GetConfig() 位置 E:\Project\SelfCode\CodeShare\Monitor\JQ.MQ\Logger\MessageSendUtil.cs:行号 35
   在 JQ.MQ.Logger.MessageSendUtil.<>c__DisplayClass7_0.<SendMessage>b__0() 位置 E:\Project\SelfCode\CodeShare\Monitor\JQ.MQ\Logger\MessageSendUtil.cs:行号 75
   在 JQ.Utils.ExceptionUtil.LogException(Action action, String memberName, String loggerName, Type loggerType) 位置 E:\Project\SelfCode\CodeShare\Monitor\JQ\Utils\ExceptionUtil.cs:行号 31

16:25:08.4000 CallerMemberName：MQLogger-MessageHandle-SendMessag
Message：获取MQLoggerConfig的方法不能为空
Source：JQ.MQ
StackTrace：   在 JQ.MQ.Logger.MessageSendUtil.GetConfig() 位置 E:\Project\SelfCode\CodeShare\Monitor\JQ.MQ\Logger\MessageSendUtil.cs:行号 35
   在 JQ.MQ.Logger.MessageSendUtil.<>c__DisplayClass7_0.<SendMessage>b__0() 位置 E:\Project\SelfCode\CodeShare\Monitor\JQ.MQ\Logger\MessageSendUtil.cs:行号 75
   在 JQ.Utils.ExceptionUtil.LogException(Action action, String memberName, String loggerName, Type loggerType) 位置 E:\Project\SelfCode\CodeShare\Monitor\JQ\Utils\ExceptionUtil.cs:行号 31

16:25:38.0916 CallerMemberName：Monitor.UserApplication.WebSiteApplication-GetSite
Message：类型为“Monitor.Domain.ValueObject.SiteState”的表达式不能用于返回类型“System.Object”
Source：System.Core
StackTrace：   在 System.Linq.Expressions.Expression.ValidateLambdaArgs(Type delegateType, Expression& body, ReadOnlyCollection`1 parameters)
   在 System.Linq.Expressions.Expression.Lambda[TDelegate](Expression body, String name, Boolean tailCall, IEnumerable`1 parameters)
   在 System.Linq.Expressions.Expression.Lambda[TDelegate](Expression body, Boolean tailCall, IEnumerable`1 parameters)
   在 System.Linq.Expressions.Expression.Lambda[TDelegate](Expression body, ParameterExpression[] parameters)
   在 JQ.Utils.ExpressionUtil.GetPropertyExpression[T](String propertyName) 位置 E:\Project\SelfCode\CodeShare\Monitor\JQ\Utils\ExpressionUtil.cs:行号 26
   在 JQ.MongoDb.Extensions.ProjectionUtil.<>c__DisplayClass1_0`2.<GetProjection>b__0() 位置 E:\Project\SelfCode\CodeShare\Monitor\JQ.MongoDb\Extensions\ProjectionUtil.cs:行号 42
   在 JQ.Extensions.ConcurrentDicExtension.GetValue[TKey,TKey1,TValue](ConcurrentDictionary`2 conDic, TKey key, TKey1 key1, Func`1 action) 位置 E:\Project\SelfCode\CodeShare\Monitor\JQ\Extensions\ConcurrentDicExtension.cs:行号 63
   在 JQ.MongoDb.Extensions.ProjectionUtil.GetProjection[TSource,TTarget]() 位置 E:\Project\SelfCode\CodeShare\Monitor\JQ.MongoDb\Extensions\ProjectionUtil.cs:行号 34
   在 JQ.MongoDb.MongoBaseRepository`1.GetDto[TDto](Expression`1 filter) 位置 E:\Project\SelfCode\CodeShare\Monitor\JQ.MongoDb\MongoBaseRepository.cs:行号 243
   在 Monitor.UserApplication.WebSiteApplication.GetSite(String appId) 位置 E:\Project\SelfCode\CodeShare\Monitor\Monitor.UserApplication\WebSiteApplication.cs:行号 33
   在 Castle.Proxies.Invocations.IWebSiteApplication_GetSite.InvokeMethodOnTarget()
   在 Castle.DynamicProxy.AbstractInvocation.Proceed()
   在 JQ.Intercept.BusinessDealIntercept.Intercept(IInvocation invocation) 位置 E:\Project\SelfCode\CodeShare\Monitor\JQ\Intercept\BusinessDealIntercept.cs:行号 21
RealIP：127.0.0.1
HttpRequestUrl：http://localhost:44786/Authority/Index?backUrl=http://localhost:44786/&AppId=11f244e6539499ae
UserAgent：Mozilla/5.0 (Windows NT 10.0; Win64; x64) AppleWebKit/537.36 (KHTML, like Gecko) Chrome/59.0.3071.115 Safari/537.36

16:42:26.9673 CallerMemberName：MQLogger-MessageHandle-SendMessag
Message：获取MQLoggerConfig的方法不能为空
Source：JQ.MQ
StackTrace：   在 JQ.MQ.Logger.MessageSendUtil.GetConfig() 位置 E:\Project\SelfCode\CodeShare\Monitor\JQ.MQ\Logger\MessageSendUtil.cs:行号 35
   在 JQ.MQ.Logger.MessageSendUtil.<>c__DisplayClass7_0.<SendMessage>b__0() 位置 E:\Project\SelfCode\CodeShare\Monitor\JQ.MQ\Logger\MessageSendUtil.cs:行号 75
   在 JQ.Utils.ExceptionUtil.LogException(Action action, String memberName, String loggerName, Type loggerType) 位置 E:\Project\SelfCode\CodeShare\Monitor\JQ\Utils\ExceptionUtil.cs:行号 31

16:42:27.0143 CallerMemberName：MQLogger-MessageHandle-SendMessag
Message：获取MQLoggerConfig的方法不能为空
Source：JQ.MQ
StackTrace：   在 JQ.MQ.Logger.MessageSendUtil.GetConfig() 位置 E:\Project\SelfCode\CodeShare\Monitor\JQ.MQ\Logger\MessageSendUtil.cs:行号 35
   在 JQ.MQ.Logger.MessageSendUtil.<>c__DisplayClass7_0.<SendMessage>b__0() 位置 E:\Project\SelfCode\CodeShare\Monitor\JQ.MQ\Logger\MessageSendUtil.cs:行号 75
   在 JQ.Utils.ExceptionUtil.LogException(Action action, String memberName, String loggerName, Type loggerType) 位置 E:\Project\SelfCode\CodeShare\Monitor\JQ\Utils\ExceptionUtil.cs:行号 31

16:42:27.0609 CallerMemberName：MQLogger-MessageHandle-SendMessag
Message：获取MQLoggerConfig的方法不能为空
Source：JQ.MQ
StackTrace：   在 JQ.MQ.Logger.MessageSendUtil.GetConfig() 位置 E:\Project\SelfCode\CodeShare\Monitor\JQ.MQ\Logger\MessageSendUtil.cs:行号 35
   在 JQ.MQ.Logger.MessageSendUtil.<>c__DisplayClass7_0.<SendMessage>b__0() 位置 E:\Project\SelfCode\CodeShare\Monitor\JQ.MQ\Logger\MessageSendUtil.cs:行号 75
   在 JQ.Utils.ExceptionUtil.LogException(Action action, String memberName, String loggerName, Type loggerType) 位置 E:\Project\SelfCode\CodeShare\Monitor\JQ\Utils\ExceptionUtil.cs:行号 31

16:43:03.2787 CallerMemberName：Monitor.UserApplication.WebSiteApplication-GetSite
Message：Element '_id' does not match any field or property of class Monitor.TransDto.WebSite.WebSiteDto.
Source：MongoDB.Bson
StackTrace：   在 MongoDB.Bson.Serialization.BsonClassMapSerializer`1.DeserializeClass(BsonDeserializationContext context)
   在 MongoDB.Bson.Serialization.BsonClassMapSerializer`1.Deserialize(BsonDeserializationContext context, BsonDeserializationArgs args)
   在 MongoDB.Bson.Serialization.IBsonSerializerExtensions.Deserialize[TValue](IBsonSerializer`1 serializer, BsonDeserializationContext context)
   在 MongoDB.Driver.Core.Operations.CursorBatchDeserializationHelper.DeserializeBatch[TDocument](RawBsonArray batch, IBsonSerializer`1 documentSerializer, MessageEncoderSettings messageEncoderSettings)
   在 MongoDB.Driver.Core.Operations.FindCommandOperation`1.CreateCursorBatch(BsonDocument commandResult)
   在 MongoDB.Driver.Core.Operations.FindCommandOperation`1.CreateCursor(IChannelSourceHandle channelSource, BsonDocument commandResult, Boolean slaveOk)
   在 MongoDB.Driver.Core.Operations.FindCommandOperation`1.Execute(IReadBinding binding, CancellationToken cancellationToken)
   在 MongoDB.Driver.Core.Operations.FindOperation`1.Execute(IReadBinding binding, CancellationToken cancellationToken)
   在 MongoDB.Driver.OperationExecutor.ExecuteReadOperation[TResult](IReadBinding binding, IReadOperation`1 operation, CancellationToken cancellationToken)
   在 MongoDB.Driver.MongoCollectionImpl`1.ExecuteReadOperation[TResult](IReadOperation`1 operation, ReadPreference readPreference, CancellationToken cancellationToken)
   在 MongoDB.Driver.MongoCollectionImpl`1.ExecuteReadOperation[TResult](IReadOperation`1 operation, CancellationToken cancellationToken)
   在 MongoDB.Driver.MongoCollectionImpl`1.FindSync[TProjection](FilterDefinition`1 filter, FindOptions`2 options, CancellationToken cancellationToken)
   在 MongoDB.Driver.FindFluent`2.ToCursor(CancellationToken cancellationToken)
   在 MongoDB.Driver.IAsyncCursorSourceExtensions.FirstOrDefault[TDocument](IAsyncCursorSource`1 source, CancellationToken cancellationToken)
   在 MongoDB.Driver.IFindFluentExtensions.FirstOrDefault[TDocument,TProjection](IFindFluent`2 find, CancellationToken cancellationToken)
   在 JQ.MongoDb.MongoBaseRepository`1.GetDto[TDto](Expression`1 filter) 位置 E:\Project\SelfCode\CodeShare\Monitor\JQ.MongoDb\MongoBaseRepository.cs:行号 244
   在 Monitor.UserApplication.WebSiteApplication.GetSite(String appId) 位置 E:\Project\SelfCode\CodeShare\Monitor\Monitor.UserApplication\WebSiteApplication.cs:行号 33
   在 Castle.Proxies.Invocations.IWebSiteApplication_GetSite.InvokeMethodOnTarget()
   在 Castle.DynamicProxy.AbstractInvocation.Proceed()
   在 JQ.Intercept.BusinessDealIntercept.Intercept(IInvocation invocation) 位置 E:\Project\SelfCode\CodeShare\Monitor\JQ\Intercept\BusinessDealIntercept.cs:行号 21
RealIP：127.0.0.1
HttpRequestUrl：http://localhost:44786/Authority/Index?backUrl=http://localhost:44786/&AppId=11f244e6539499ae
UserAgent：Mozilla/5.0 (Windows NT 10.0; Win64; x64) AppleWebKit/537.36 (KHTML, like Gecko) Chrome/59.0.3071.115 Safari/537.36

16:44:24.9993 CallerMemberName：Monitor.UserApplication.WebSiteApplication-GetSite
Message：Element '_id' does not match any field or property of class Monitor.TransDto.WebSite.WebSiteDto.
Source：MongoDB.Bson
StackTrace：   在 MongoDB.Bson.Serialization.BsonClassMapSerializer`1.DeserializeClass(BsonDeserializationContext context)
   在 MongoDB.Bson.Serialization.BsonClassMapSerializer`1.Deserialize(BsonDeserializationContext context, BsonDeserializationArgs args)
   在 MongoDB.Bson.Serialization.IBsonSerializerExtensions.Deserialize[TValue](IBsonSerializer`1 serializer, BsonDeserializationContext context)
   在 MongoDB.Driver.Core.Operations.CursorBatchDeserializationHelper.DeserializeBatch[TDocument](RawBsonArray batch, IBsonSerializer`1 documentSerializer, MessageEncoderSettings messageEncoderSettings)
   在 MongoDB.Driver.Core.Operations.FindCommandOperation`1.CreateCursorBatch(BsonDocument commandResult)
   在 MongoDB.Driver.Core.Operations.FindCommandOperation`1.CreateCursor(IChannelSourceHandle channelSource, BsonDocument commandResult, Boolean slaveOk)
   在 MongoDB.Driver.Core.Operations.FindCommandOperation`1.Execute(IReadBinding binding, CancellationToken cancellationToken)
   在 MongoDB.Driver.Core.Operations.FindOperation`1.Execute(IReadBinding binding, CancellationToken cancellationToken)
   在 MongoDB.Driver.OperationExecutor.ExecuteReadOperation[TResult](IReadBinding binding, IReadOperation`1 operation, CancellationToken cancellationToken)
   在 MongoDB.Driver.MongoCollectionImpl`1.ExecuteReadOperation[TResult](IReadOperation`1 operation, ReadPreference readPreference, CancellationToken cancellationToken)
   在 MongoDB.Driver.MongoCollectionImpl`1.ExecuteReadOperation[TResult](IReadOperation`1 operation, CancellationToken cancellationToken)
   在 MongoDB.Driver.MongoCollectionImpl`1.FindSync[TProjection](FilterDefinition`1 filter, FindOptions`2 options, CancellationToken cancellationToken)
   在 MongoDB.Driver.FindFluent`2.ToCursor(CancellationToken cancellationToken)
   在 MongoDB.Driver.IAsyncCursorSourceExtensions.FirstOrDefault[TDocument](IAsyncCursorSource`1 source, CancellationToken cancellationToken)
   在 MongoDB.Driver.IFindFluentExtensions.FirstOrDefault[TDocument,TProjection](IFindFluent`2 find, CancellationToken cancellationToken)
   在 JQ.MongoDb.MongoBaseRepository`1.GetDto[TDto](Expression`1 filter) 位置 E:\Project\SelfCode\CodeShare\Monitor\JQ.MongoDb\MongoBaseRepository.cs:行号 244
   在 Monitor.UserApplication.WebSiteApplication.GetSite(String appId) 位置 E:\Project\SelfCode\CodeShare\Monitor\Monitor.UserApplication\WebSiteApplication.cs:行号 33
   在 Castle.Proxies.Invocations.IWebSiteApplication_GetSite.InvokeMethodOnTarget()
   在 Castle.DynamicProxy.AbstractInvocation.Proceed()
   在 JQ.Intercept.BusinessDealIntercept.Intercept(IInvocation invocation) 位置 E:\Project\SelfCode\CodeShare\Monitor\JQ\Intercept\BusinessDealIntercept.cs:行号 21
RealIP：127.0.0.1
HttpRequestUrl：http://localhost:44786/Authority/Index?backUrl=http://localhost:44786/&AppId=11f244e6539499ae
UserAgent：Mozilla/5.0 (Windows NT 10.0; Win64; x64) AppleWebKit/537.36 (KHTML, like Gecko) Chrome/59.0.3071.115 Safari/537.36

16:44:29.3670 CallerMemberName：MQLogger-MessageHandle-SendMessag
Message：获取MQLoggerConfig的方法不能为空
Source：JQ.MQ
StackTrace：   在 JQ.MQ.Logger.MessageSendUtil.GetConfig() 位置 E:\Project\SelfCode\CodeShare\Monitor\JQ.MQ\Logger\MessageSendUtil.cs:行号 35
   在 JQ.MQ.Logger.MessageSendUtil.<>c__DisplayClass7_0.<SendMessage>b__0() 位置 E:\Project\SelfCode\CodeShare\Monitor\JQ.MQ\Logger\MessageSendUtil.cs:行号 75
   在 JQ.Utils.ExceptionUtil.LogException(Action action, String memberName, String loggerName, Type loggerType) 位置 E:\Project\SelfCode\CodeShare\Monitor\JQ\Utils\ExceptionUtil.cs:行号 31

16:54:16.4510 CallerMemberName：Monitor.UserApplication.WebSiteApplication-GetSite
Message：类型为“MongoDB.Bson.ObjectId”的表达式不能用于返回类型“System.Object”
Source：System.Core
StackTrace：   在 System.Linq.Expressions.Expression.ValidateLambdaArgs(Type delegateType, Expression& body, ReadOnlyCollection`1 parameters)
   在 System.Linq.Expressions.Expression.Lambda[TDelegate](Expression body, String name, Boolean tailCall, IEnumerable`1 parameters)
   在 System.Linq.Expressions.Expression.Lambda[TDelegate](Expression body, Boolean tailCall, IEnumerable`1 parameters)
   在 System.Linq.Expressions.Expression.Lambda[TDelegate](Expression body, ParameterExpression[] parameters)
   在 JQ.Utils.ExpressionUtil.GetPropertyExpression[T](String propertyName) 位置 E:\Project\SelfCode\CodeShare\Monitor\JQ\Utils\ExpressionUtil.cs:行号 26
   在 JQ.MongoDb.Extensions.ProjectionUtil.<>c__DisplayClass1_0`2.<GetProjection>b__0() 位置 E:\Project\SelfCode\CodeShare\Monitor\JQ.MongoDb\Extensions\ProjectionUtil.cs:行号 42
   在 JQ.Extensions.ConcurrentDicExtension.GetValue[TKey,TKey1,TValue](ConcurrentDictionary`2 conDic, TKey key, TKey1 key1, Func`1 action) 位置 E:\Project\SelfCode\CodeShare\Monitor\JQ\Extensions\ConcurrentDicExtension.cs:行号 63
   在 JQ.MongoDb.Extensions.ProjectionUtil.GetProjection[TSource,TTarget]() 位置 E:\Project\SelfCode\CodeShare\Monitor\JQ.MongoDb\Extensions\ProjectionUtil.cs:行号 34
   在 JQ.MongoDb.MongoBaseRepository`1.GetDto[TDto](Expression`1 filter) 位置 E:\Project\SelfCode\CodeShare\Monitor\JQ.MongoDb\MongoBaseRepository.cs:行号 243
   在 Monitor.UserApplication.WebSiteApplication.GetSite(String appId) 位置 E:\Project\SelfCode\CodeShare\Monitor\Monitor.UserApplication\WebSiteApplication.cs:行号 33
   在 Castle.Proxies.Invocations.IWebSiteApplication_GetSite.InvokeMethodOnTarget()
   在 Castle.DynamicProxy.AbstractInvocation.Proceed()
   在 JQ.Intercept.BusinessDealIntercept.Intercept(IInvocation invocation) 位置 E:\Project\SelfCode\CodeShare\Monitor\JQ\Intercept\BusinessDealIntercept.cs:行号 21
RealIP：127.0.0.1
HttpRequestUrl：http://localhost:44786/Authority/Index?backUrl=http://localhost:44786/&AppId=11f244e6539499ae
UserAgent：Mozilla/5.0 (Windows NT 10.0; Win64; x64) AppleWebKit/537.36 (KHTML, like Gecko) Chrome/59.0.3071.115 Safari/537.36

17:18:00.6388 CallerMemberName：MQLogger-MessageHandle-SendMessag
Message：获取MQLoggerConfig的方法不能为空
Source：JQ.MQ
StackTrace：   在 JQ.MQ.Logger.MessageSendUtil.GetConfig()
   在 JQ.MQ.Logger.MessageSendUtil.<>c__DisplayClass7_0.<SendMessage>b__0()
   在 JQ.Utils.ExceptionUtil.LogException(Action action, String memberName, String loggerName, Type loggerType) 位置 E:\Project\SelfCode\CodeShare\Monitor\JQ\Utils\ExceptionUtil.cs:行号 31

17:18:24.2732 CallerMemberName：Monitor.UserApplication.WebSiteApplication-GetSite
Message：Value cannot be null.
参数名: projection
Source：MongoDB.Driver.Core
StackTrace：   在 MongoDB.Driver.Core.Misc.Ensure.IsNotNull[T](T value, String paramName)
   在 MongoDB.Driver.KnownResultTypeProjectionDefinitionAdapter`2..ctor(ProjectionDefinition`1 projection, IBsonSerializer`1 projectionSerializer)
   在 MongoDB.Driver.ProjectionDefinition`2.op_Implicit(ProjectionDefinition`1 projection)
   在 JQ.MongoDb.MongoBaseRepository`1.GetDto[TDto](Expression`1 filter, Expression`1 projectionExpression) 位置 E:\Project\SelfCode\CodeShare\Monitor\JQ.MongoDb\MongoBaseRepository.cs:行号 245
   在 Monitor.UserApplication.WebSiteApplication.GetSite(String appId) 位置 E:\Project\SelfCode\CodeShare\Monitor\Monitor.UserApplication\WebSiteApplication.cs:行号 33
   在 Castle.Proxies.Invocations.IWebSiteApplication_GetSite.InvokeMethodOnTarget()
   在 Castle.DynamicProxy.AbstractInvocation.Proceed()
   在 JQ.Intercept.BusinessDealIntercept.Intercept(IInvocation invocation) 位置 E:\Project\SelfCode\CodeShare\Monitor\JQ\Intercept\BusinessDealIntercept.cs:行号 21
RealIP：127.0.0.1
HttpRequestUrl：http://localhost:44786/Authority/Index?backUrl=http://localhost:44786/&AppId=11f244e6539499ae
UserAgent：Mozilla/5.0 (Windows NT 10.0; Win64; x64) AppleWebKit/537.36 (KHTML, like Gecko) Chrome/59.0.3071.115 Safari/537.36

17:28:38.5222 CallerMemberName：MQLogger-MessageHandle-SendMessag
Message：获取MQLoggerConfig的方法不能为空
Source：JQ.MQ
StackTrace：   在 JQ.MQ.Logger.MessageSendUtil.GetConfig() 位置 E:\Project\SelfCode\CodeShare\Monitor\JQ.MQ\Logger\MessageSendUtil.cs:行号 35
   在 JQ.MQ.Logger.MessageSendUtil.<>c__DisplayClass7_0.<SendMessage>b__0() 位置 E:\Project\SelfCode\CodeShare\Monitor\JQ.MQ\Logger\MessageSendUtil.cs:行号 75
   在 JQ.Utils.ExceptionUtil.LogException(Action action, String memberName, String loggerName, Type loggerType) 位置 E:\Project\SelfCode\CodeShare\Monitor\JQ\Utils\ExceptionUtil.cs:行号 31

17:28:38.5397 CallerMemberName：MQLogger-MessageHandle-SendMessag
Message：获取MQLoggerConfig的方法不能为空
Source：JQ.MQ
StackTrace：   在 JQ.MQ.Logger.MessageSendUtil.GetConfig() 位置 E:\Project\SelfCode\CodeShare\Monitor\JQ.MQ\Logger\MessageSendUtil.cs:行号 35
   在 JQ.MQ.Logger.MessageSendUtil.<>c__DisplayClass7_0.<SendMessage>b__0() 位置 E:\Project\SelfCode\CodeShare\Monitor\JQ.MQ\Logger\MessageSendUtil.cs:行号 75
   在 JQ.Utils.ExceptionUtil.LogException(Action action, String memberName, String loggerName, Type loggerType) 位置 E:\Project\SelfCode\CodeShare\Monitor\JQ\Utils\ExceptionUtil.cs:行号 31

17:28:38.5567 CallerMemberName：MQLogger-MessageHandle-SendMessag
Message：获取MQLoggerConfig的方法不能为空
Source：JQ.MQ
StackTrace：   在 JQ.MQ.Logger.MessageSendUtil.GetConfig() 位置 E:\Project\SelfCode\CodeShare\Monitor\JQ.MQ\Logger\MessageSendUtil.cs:行号 35
   在 JQ.MQ.Logger.MessageSendUtil.<>c__DisplayClass7_0.<SendMessage>b__0() 位置 E:\Project\SelfCode\CodeShare\Monitor\JQ.MQ\Logger\MessageSendUtil.cs:行号 75
   在 JQ.Utils.ExceptionUtil.LogException(Action action, String memberName, String loggerName, Type loggerType) 位置 E:\Project\SelfCode\CodeShare\Monitor\JQ\Utils\ExceptionUtil.cs:行号 31

19:12:31.5534 CallerMemberName：MQLogger-MessageHandle-SendMessag
Message：获取MQLoggerConfig的方法不能为空
Source：JQ.MQ
StackTrace：   在 JQ.MQ.Logger.MessageSendUtil.GetConfig() 位置 E:\Project\SelfCode\CodeShare\Monitor\JQ.MQ\Logger\MessageSendUtil.cs:行号 35
   在 JQ.MQ.Logger.MessageSendUtil.<>c__DisplayClass7_0.<SendMessage>b__0() 位置 E:\Project\SelfCode\CodeShare\Monitor\JQ.MQ\Logger\MessageSendUtil.cs:行号 75
   在 JQ.Utils.ExceptionUtil.LogException(Action action, String memberName, String loggerName, Type loggerType) 位置 E:\Project\SelfCode\CodeShare\Monitor\JQ\Utils\ExceptionUtil.cs:行号 31

19:30:32.4941 CallerMemberName：MQLogger-MessageHandle-SendMessag
Message：获取MQLoggerConfig的方法不能为空
Source：JQ.MQ
StackTrace：   在 JQ.MQ.Logger.MessageSendUtil.GetConfig() 位置 E:\Project\SelfCode\CodeShare\Monitor\JQ.MQ\Logger\MessageSendUtil.cs:行号 35
   在 JQ.MQ.Logger.MessageSendUtil.<>c__DisplayClass7_0.<SendMessage>b__0() 位置 E:\Project\SelfCode\CodeShare\Monitor\JQ.MQ\Logger\MessageSendUtil.cs:行号 75
   在 JQ.Utils.ExceptionUtil.LogException(Action action, String memberName, String loggerName, Type loggerType) 位置 E:\Project\SelfCode\CodeShare\Monitor\JQ\Utils\ExceptionUtil.cs:行号 31

19:30:32.5201 CallerMemberName：MQLogger-MessageHandle-SendMessag
Message：获取MQLoggerConfig的方法不能为空
Source：JQ.MQ
StackTrace：   在 JQ.MQ.Logger.MessageSendUtil.GetConfig() 位置 E:\Project\SelfCode\CodeShare\Monitor\JQ.MQ\Logger\MessageSendUtil.cs:行号 35
   在 JQ.MQ.Logger.MessageSendUtil.<>c__DisplayClass7_0.<SendMessage>b__0() 位置 E:\Project\SelfCode\CodeShare\Monitor\JQ.MQ\Logger\MessageSendUtil.cs:行号 75
   在 JQ.Utils.ExceptionUtil.LogException(Action action, String memberName, String loggerName, Type loggerType) 位置 E:\Project\SelfCode\CodeShare\Monitor\JQ\Utils\ExceptionUtil.cs:行号 31

19:30:32.5461 CallerMemberName：MQLogger-MessageHandle-SendMessag
Message：获取MQLoggerConfig的方法不能为空
Source：JQ.MQ
StackTrace：   在 JQ.MQ.Logger.MessageSendUtil.GetConfig() 位置 E:\Project\SelfCode\CodeShare\Monitor\JQ.MQ\Logger\MessageSendUtil.cs:行号 35
   在 JQ.MQ.Logger.MessageSendUtil.<>c__DisplayClass7_0.<SendMessage>b__0() 位置 E:\Project\SelfCode\CodeShare\Monitor\JQ.MQ\Logger\MessageSendUtil.cs:行号 75
   在 JQ.Utils.ExceptionUtil.LogException(Action action, String memberName, String loggerName, Type loggerType) 位置 E:\Project\SelfCode\CodeShare\Monitor\JQ\Utils\ExceptionUtil.cs:行号 31

19:30:32.5742 CallerMemberName：MQLogger-MessageHandle-SendMessag
Message：获取MQLoggerConfig的方法不能为空
Source：JQ.MQ
StackTrace：   在 JQ.MQ.Logger.MessageSendUtil.GetConfig() 位置 E:\Project\SelfCode\CodeShare\Monitor\JQ.MQ\Logger\MessageSendUtil.cs:行号 35
   在 JQ.MQ.Logger.MessageSendUtil.<>c__DisplayClass7_0.<SendMessage>b__0() 位置 E:\Project\SelfCode\CodeShare\Monitor\JQ.MQ\Logger\MessageSendUtil.cs:行号 75
   在 JQ.Utils.ExceptionUtil.LogException(Action action, String memberName, String loggerName, Type loggerType) 位置 E:\Project\SelfCode\CodeShare\Monitor\JQ\Utils\ExceptionUtil.cs:行号 31

